<?xml version="1.0" encoding="UTF-8"?>
<testsuite name="com.afsdi.VendingMachineTest" tests="11" skipped="0" failures="0" errors="0" timestamp="2020-08-06T20:10:01" hostname="XPS-PC" time="0.104">
  <properties/>
  <testcase name="getCurrentStockShowsEmptyByDefault()" classname="com.afsdi.VendingMachineTest" time="0.021"/>
  <testcase name="getSalesReturnsZeroByDefault()" classname="com.afsdi.VendingMachineTest" time="0.001"/>
  <testcase name="throwsExceptionForInvalidCodeForPurchase()" classname="com.afsdi.VendingMachineTest" time="0.004"/>
  <testcase name="addItemChangesInventory()" classname="com.afsdi.VendingMachineTest" time="0.02"/>
  <testcase name="getListOfItemsForSale()" classname="com.afsdi.VendingMachineTest" time="0.014"/>
  <testcase name="throwsExceptionForInsufficientFundsForPurchase()" classname="com.afsdi.VendingMachineTest" time="0.001"/>
  <testcase name="machineCannotMakeChange()" classname="com.afsdi.VendingMachineTest" time="0.0"/>
  <testcase name="getSalesWhenItemsPurchased()" classname="com.afsdi.VendingMachineTest" time="0.002"/>
  <testcase name="getChangeWhenSalesComplete()" classname="com.afsdi.VendingMachineTest" time="0.003"/>
  <testcase name="machineCanMakeChange()" classname="com.afsdi.VendingMachineTest" time="0.002"/>
  <testcase name="getDepositedMoney()" classname="com.afsdi.VendingMachineTest" time="0.004"/>
  <system-out><![CDATA[[Doritos - $0.75, Coke - $1]
]]></system-out>
  <system-err><![CDATA[]]></system-err>
</testsuite>
