<?xml version="1.0" encoding="UTF-8"?>
<testsuite name="com.jeremy.VendingMachineTest" tests="9" skipped="0" failures="0" errors="0" timestamp="2020-08-06T19:45:00" hostname="LAPTOP-PPQ781RU" time="0.025">
  <properties/>
  <testcase name="getCurrentStockShowsEmptyByDefault()" classname="com.jeremy.VendingMachineTest" time="0.009"/>
  <testcase name="getSalesReturnsZeroByDefault()" classname="com.jeremy.VendingMachineTest" time="0.0"/>
  <testcase name="throwsExceptionForInvalidCodeForPurchase()" classname="com.jeremy.VendingMachineTest" time="0.001"/>
  <testcase name="addItemChangesInventory()" classname="com.jeremy.VendingMachineTest" time="0.005"/>
  <testcase name="getListOfItemsForSale()" classname="com.jeremy.VendingMachineTest" time="0.005"/>
  <testcase name="throwsExceptionForInsufficientFundsForPurchase()" classname="com.jeremy.VendingMachineTest" time="0.001"/>
  <testcase name="getSalesWhenItemsPurchased()" classname="com.jeremy.VendingMachineTest" time="0.001"/>
  <testcase name="getChangeWhenSalesComplete()" classname="com.jeremy.VendingMachineTest" time="0.0"/>
  <testcase name="getDepositedMoney()" classname="com.jeremy.VendingMachineTest" time="0.0"/>
  <system-out><![CDATA[[Doritos - $0.75, Coke - $1]
]]></system-out>
  <system-err><![CDATA[]]></system-err>
</testsuite>
